<?xml version="1.0" encoding="UTF-8"?>
<!-- Generated by org.testng.reporters.JUnitReportReporter -->
<testsuite skipped="0" hostname="DESKTOP-UQE6UTF" name="com.qa.hubspot.tests.LoginTest" tests="3" failures="0" timestamp="04 May 2019 16:00:45 GMT" time="31.401" errors="0">
  <testcase name="verifyLoginPageTitleTest" time="10.352" classname="com.qa.hubspot.tests.LoginTest"/>
  <testcase name="verifySignUpLinkTest" time="10.717" classname="com.qa.hubspot.tests.LoginTest"/>
  <testcase name="loginCorrectCredentialsTest" time="10.332" classname="com.qa.hubspot.tests.LoginTest"/>
</testsuite> <!-- com.qa.hubspot.tests.LoginTest -->
