<?xml version="1.0" encoding="UTF-8"?>
<!-- Generated by org.testng.reporters.JUnitReportReporter -->
<testsuite skipped="0" hostname="DESKTOP-UQE6UTF" name="com.qa.hubspot.tests.HomePageTest" tests="3" failures="0" timestamp="16 May 2019 09:06:06 GMT" time="54.549" errors="0">
  <testcase name="verifyHomeTitle" time="19.177" classname="com.qa.hubspot.tests.HomePageTest"/>
  <testcase name="verifyHomePageHeaderTest" time="18.761" classname="com.qa.hubspot.tests.HomePageTest"/>
  <testcase name="verifyContactsLinkTest" time="16.611" classname="com.qa.hubspot.tests.HomePageTest"/>
</testsuite> <!-- com.qa.hubspot.tests.HomePageTest -->
